Connecting to database specified by database.yml
Connecting to database specified by database.yml
Connecting to database specified by database.yml
Connecting to database specified by database.yml
Connecting to database specified by database.yml
Started GET "/" for 127.0.0.1 at 2013-03-02 16:23:34 +0200
Processing by StaticPagesController#home as HTML
Completed 500 Internal Server Error in 5ms

ActiveRecord::StatementInvalid (Could not find table 'users'):
  app/helpers/sessions_helper.rb:12:in `current_user'
  app/helpers/sessions_helper.rb:20:in `signed_in?'
  app/controllers/static_pages_controller.rb:3:in `home'


Started GET "/favicon.ico" for 127.0.0.1 at 2013-03-02 16:23:36 +0200

ActionController::RoutingError (No route matches [GET] "/favicon.ico"):
  actionpack (3.2.11) lib/action_dispatch/middleware/debug_exceptions.rb:21:in `call'
  actionpack (3.2.11) lib/action_dispatch/middleware/show_exceptions.rb:56:in `call'
  railties (3.2.11) lib/rails/rack/logger.rb:32:in `call_app'
  railties (3.2.11) lib/rails/rack/logger.rb:16:in `block in call'
  activesupport (3.2.11) lib/active_support/tagged_logging.rb:22:in `tagged'
  railties (3.2.11) lib/rails/rack/logger.rb:16:in `call'
  actionpack (3.2.11) lib/action_dispatch/middleware/request_id.rb:22:in `call'
  rack (1.4.5) lib/rack/methodoverride.rb:21:in `call'
  rack (1.4.5) lib/rack/runtime.rb:17:in `call'
  activesupport (3.2.11) lib/active_support/cache/strategy/local_cache.rb:72:in `call'
  rack (1.4.5) lib/rack/lock.rb:15:in `call'
  rack-cache (1.2) lib/rack/cache/context.rb:136:in `forward'
  rack-cache (1.2) lib/rack/cache/context.rb:245:in `fetch'
  rack-cache (1.2) lib/rack/cache/context.rb:185:in `lookup'
  rack-cache (1.2) lib/rack/cache/context.rb:66:in `call!'
  rack-cache (1.2) lib/rack/cache/context.rb:51:in `call'
  railties (3.2.11) lib/rails/engine.rb:479:in `call'
  railties (3.2.11) lib/rails/application.rb:223:in `call'
  rack (1.4.5) lib/rack/content_length.rb:14:in `call'
  railties (3.2.11) lib/rails/rack/log_tailer.rb:17:in `call'
  rack (1.4.5) lib/rack/handler/webrick.rb:59:in `service'
  /home/Mostafa/.rvm/rubies/ruby-1.9.3-p385/lib/ruby/1.9.1/webrick/httpserver.rb:138:in `service'
  /home/Mostafa/.rvm/rubies/ruby-1.9.3-p385/lib/ruby/1.9.1/webrick/httpserver.rb:94:in `run'
  /home/Mostafa/.rvm/rubies/ruby-1.9.3-p385/lib/ruby/1.9.1/webrick/server.rb:191:in `block in start_thread'


Connecting to database specified by database.yml
Started GET "/" for 127.0.0.1 at 2013-03-02 16:24:01 +0200
Processing by StaticPagesController#home as HTML
Completed 500 Internal Server Error in 5ms

ActiveRecord::StatementInvalid (Could not find table 'users'):
  app/helpers/sessions_helper.rb:12:in `current_user'
  app/helpers/sessions_helper.rb:20:in `signed_in?'
  app/controllers/static_pages_controller.rb:3:in `home'


Started GET "/favicon.ico" for 127.0.0.1 at 2013-03-02 16:24:01 +0200

ActionController::RoutingError (No route matches [GET] "/favicon.ico"):
  actionpack (3.2.11) lib/action_dispatch/middleware/debug_exceptions.rb:21:in `call'
  actionpack (3.2.11) lib/action_dispatch/middleware/show_exceptions.rb:56:in `call'
  railties (3.2.11) lib/rails/rack/logger.rb:32:in `call_app'
  railties (3.2.11) lib/rails/rack/logger.rb:16:in `block in call'
  activesupport (3.2.11) lib/active_support/tagged_logging.rb:22:in `tagged'
  railties (3.2.11) lib/rails/rack/logger.rb:16:in `call'
  actionpack (3.2.11) lib/action_dispatch/middleware/request_id.rb:22:in `call'
  rack (1.4.5) lib/rack/methodoverride.rb:21:in `call'
  rack (1.4.5) lib/rack/runtime.rb:17:in `call'
  activesupport (3.2.11) lib/active_support/cache/strategy/local_cache.rb:72:in `call'
  rack (1.4.5) lib/rack/lock.rb:15:in `call'
  rack-cache (1.2) lib/rack/cache/context.rb:136:in `forward'
  rack-cache (1.2) lib/rack/cache/context.rb:245:in `fetch'
  rack-cache (1.2) lib/rack/cache/context.rb:185:in `lookup'
  rack-cache (1.2) lib/rack/cache/context.rb:66:in `call!'
  rack-cache (1.2) lib/rack/cache/context.rb:51:in `call'
  railties (3.2.11) lib/rails/engine.rb:479:in `call'
  railties (3.2.11) lib/rails/application.rb:223:in `call'
  rack (1.4.5) lib/rack/content_length.rb:14:in `call'
  railties (3.2.11) lib/rails/rack/log_tailer.rb:17:in `call'
  rack (1.4.5) lib/rack/handler/webrick.rb:59:in `service'
  /home/Mostafa/.rvm/rubies/ruby-1.9.3-p385/lib/ruby/1.9.1/webrick/httpserver.rb:138:in `service'
  /home/Mostafa/.rvm/rubies/ruby-1.9.3-p385/lib/ruby/1.9.1/webrick/httpserver.rb:94:in `run'
  /home/Mostafa/.rvm/rubies/ruby-1.9.3-p385/lib/ruby/1.9.1/webrick/server.rb:191:in `block in start_thread'


Started GET "/" for 127.0.0.1 at 2013-03-02 16:24:05 +0200
Processing by StaticPagesController#home as HTML
Completed 500 Internal Server Error in 1ms

ActiveRecord::StatementInvalid (Could not find table 'users'):
  app/helpers/sessions_helper.rb:12:in `current_user'
  app/helpers/sessions_helper.rb:20:in `signed_in?'
  app/controllers/static_pages_controller.rb:3:in `home'


Started GET "/favicon.ico" for 127.0.0.1 at 2013-03-02 16:24:05 +0200

ActionController::RoutingError (No route matches [GET] "/favicon.ico"):
  actionpack (3.2.11) lib/action_dispatch/middleware/debug_exceptions.rb:21:in `call'
  actionpack (3.2.11) lib/action_dispatch/middleware/show_exceptions.rb:56:in `call'
  railties (3.2.11) lib/rails/rack/logger.rb:32:in `call_app'
  railties (3.2.11) lib/rails/rack/logger.rb:16:in `block in call'
  activesupport (3.2.11) lib/active_support/tagged_logging.rb:22:in `tagged'
  railties (3.2.11) lib/rails/rack/logger.rb:16:in `call'
  actionpack (3.2.11) lib/action_dispatch/middleware/request_id.rb:22:in `call'
  rack (1.4.5) lib/rack/methodoverride.rb:21:in `call'
  rack (1.4.5) lib/rack/runtime.rb:17:in `call'
  activesupport (3.2.11) lib/active_support/cache/strategy/local_cache.rb:72:in `call'
  rack (1.4.5) lib/rack/lock.rb:15:in `call'
  rack-cache (1.2) lib/rack/cache/context.rb:136:in `forward'
  rack-cache (1.2) lib/rack/cache/context.rb:245:in `fetch'
  rack-cache (1.2) lib/rack/cache/context.rb:185:in `lookup'
  rack-cache (1.2) lib/rack/cache/context.rb:66:in `call!'
  rack-cache (1.2) lib/rack/cache/context.rb:51:in `call'
  railties (3.2.11) lib/rails/engine.rb:479:in `call'
  railties (3.2.11) lib/rails/application.rb:223:in `call'
  rack (1.4.5) lib/rack/content_length.rb:14:in `call'
  railties (3.2.11) lib/rails/rack/log_tailer.rb:17:in `call'
  rack (1.4.5) lib/rack/handler/webrick.rb:59:in `service'
  /home/Mostafa/.rvm/rubies/ruby-1.9.3-p385/lib/ruby/1.9.1/webrick/httpserver.rb:138:in `service'
  /home/Mostafa/.rvm/rubies/ruby-1.9.3-p385/lib/ruby/1.9.1/webrick/httpserver.rb:94:in `run'
  /home/Mostafa/.rvm/rubies/ruby-1.9.3-p385/lib/ruby/1.9.1/webrick/server.rb:191:in `block in start_thread'


Connecting to database specified by database.yml
Connecting to database specified by database.yml
Migrating to CreateUsers (20130213155556)
Migrating to AddIndexToUserEmail (20130218125350)
Migrating to AddPasswordDigestToUsers (20130218131916)
Migrating to AddRememberTokenToUsers (20130226104007)
Migrating to AddAdminToUsers (20130226161417)
Migrating to CreateMicroposts (20130227092459)
Migrating to CreateRelationships (20130227141448)
Connecting to database specified by database.yml
Connecting to database specified by database.yml
